{"timestamp": "2025-05-22T19:48:06.275161", "query": "How do I create a customer concern?", "latency": 41.2794, "hit_count": 50, "metadata": {"search_type": "vector", "top_k": 50, "fallback_used": false}}
{"timestamp": "2025-05-22T19:51:16.738201", "query": "How do I create a customer concern?", "latency": 0.0184, "hit_count": 50, "metadata": {"search_type": "vector", "top_k": 50, "fallback_used": false}}
{"timestamp": "2025-05-22T19:51:37.332343", "query": "How do I create a customer concern?", "latency": 0.0202, "hit_count": 50, "metadata": {"search_type": "vector", "top_k": 50, "fallback_used": false}}
{"timestamp": "2025-05-22T19:51:59.327341", "query": "How do I create a customer concern?", "latency": 0.0133, "hit_count": 50, "metadata": {"search_type": "vector", "top_k": 50, "fallback_used": false}}
{"timestamp": "2025-05-22T19:52:05.150696", "query": "How do I create a customer concern?", "latency": 0.017, "hit_count": 50, "metadata": {"search_type": "vector", "top_k": 50, "fallback_used": false}}
{"timestamp": "2025-05-22T19:52:14.680016", "query": "How do I create a customer concern?", "latency": 0.0185, "hit_count": 50, "metadata": {"search_type": "vector", "top_k": 50, "fallback_used": false}}
{"timestamp": "2025-05-22T19:53:02.943866", "query": "What is our Tampa phone number?", "latency": 0.0158, "hit_count": 50, "metadata": {"search_type": "vector", "top_k": 50, "fallback_used": false}}
{"timestamp": "2025-05-22T19:53:44.184114", "query": "What is our Tampa metro phone number?", "latency": 0.015, "hit_count": 50, "metadata": {"search_type": "vector", "top_k": 50, "fallback_used": false}}
{"timestamp": "2025-05-23T00:42:30.021321", "query": "How do I inform a FE to call a customer?", "latency": 38.1695, "hit_count": 50, "metadata": {"search_type": "vector", "top_k": 50, "fallback_used": false}}
{"timestamp": "2025-05-23T00:44:19.339047", "query": "How do I inform a FE to call a customer?", "latency": 0.3032, "hit_count": 50, "metadata": {"search_type": "vector", "top_k": 50, "fallback_used": false}}
{"timestamp": "2025-05-23T00:44:28.158431", "query": "How do I inform a FE to call a customer?", "latency": 0.0106, "hit_count": 50, "metadata": {"search_type": "vector", "top_k": 50, "fallback_used": false}}
{"timestamp": "2025-05-23T00:44:34.155834", "query": "How do I inform a FE to call a customer?", "latency": 0.0137, "hit_count": 50, "metadata": {"search_type": "vector", "top_k": 50, "fallback_used": false}}
{"timestamp": "2025-05-23T00:44:43.108938", "query": "How do I inform a FE to call a customer?", "latency": 0.0093, "hit_count": 50, "metadata": {"search_type": "vector", "top_k": 50, "fallback_used": false}}
{"timestamp": "2025-05-23T00:44:56.183449", "query": "How do I inform a FE to call a customer?", "latency": 0.0138, "hit_count": 50, "metadata": {"search_type": "vector", "top_k": 50, "fallback_used": false}}
{"timestamp": "2025-05-23T00:45:06.048287", "query": "How do I inform a FE to call a customer?", "latency": 0.0123, "hit_count": 50, "metadata": {"search_type": "vector", "top_k": 50, "fallback_used": false}}
{"timestamp": "2025-05-23T18:07:39.236460", "query": "How do I create a customer concern?", "latency": 39.2903, "hit_count": 1, "metadata": {"search_type": "vector", "top_k": 1, "fallback_used": false}}
{"timestamp": "2025-05-23T22:04:54.868317", "query": "How do I create a customer concern?", "latency": 38.8805, "hit_count": 50, "metadata": {"search_type": "vector", "top_k": 50, "fallback_used": false}}
{"timestamp": "2025-05-23T22:06:00.954256", "query": "How do I create a customer concern?", "latency": 0.0213, "hit_count": 50, "metadata": {"search_type": "vector", "top_k": 50, "fallback_used": false}}
{"timestamp": "2025-05-28T02:54:57.283145", "query": "How do I create a customer concern?", "latency": 37.2568, "hit_count": 100, "metadata": {"search_type": "vector", "top_k": 100, "fallback_used": false}}
{"timestamp": "2025-05-28T02:55:49.727389", "query": "What is our Tampa phone number?", "latency": 0.0192, "hit_count": 100, "metadata": {"search_type": "vector", "top_k": 100, "fallback_used": false}}
{"timestamp": "2025-05-28T02:56:07.524381", "query": "What is our Tampa phone number?  There should be 3.", "latency": 0.0362, "hit_count": 100, "metadata": {"search_type": "vector", "top_k": 100, "fallback_used": false}}
{"timestamp": "2025-05-28T02:56:42.734721", "query": "What is our Tampa phone number?  There should be 3. 727-350-1090, 352-794-1085, 813-400-2865.\n", "latency": 0.0111, "hit_count": 100, "metadata": {"search_type": "vector", "top_k": 100, "fallback_used": false}}
{"timestamp": "2025-05-28T02:57:02.424166", "query": "Is 813-400-2865 found in the document?\n", "latency": 0.0159, "hit_count": 100, "metadata": {"search_type": "vector", "top_k": 100, "fallback_used": false}}
{"timestamp": "2025-05-28T02:57:35.402186", "query": "Is 813-400-2865 found in the document?  It should be.  Tampa, Lutz, Citrus Park\n", "latency": 0.0148, "hit_count": 100, "metadata": {"search_type": "vector", "top_k": 100, "fallback_used": false}}
{"timestamp": "2025-05-28T02:58:21.605820", "query": "Is 813-400-2865 found in the document? ", "latency": 0.0148, "hit_count": 100, "metadata": {"search_type": "vector", "top_k": 100, "fallback_used": false}}
{"timestamp": "2025-05-28T02:59:34.464235", "query": "Is 813-400-2865 found in the document? ", "latency": 0.0154, "hit_count": 100, "metadata": {"search_type": "vector", "top_k": 100, "fallback_used": false}}
{"timestamp": "2025-05-28T02:59:44.203954", "query": "Is 813-400-2865 found in the document? ", "latency": 0.0154, "hit_count": 100, "metadata": {"search_type": "vector", "top_k": 100, "fallback_used": false}}
{"timestamp": "2025-05-28T02:59:58.435439", "query": "How do I create a customer concern?", "latency": 0.0119, "hit_count": 100, "metadata": {"search_type": "vector", "top_k": 100, "fallback_used": false}}
{"timestamp": "2025-05-28T03:01:11.640609", "query": "How do I create a customer concern?", "latency": 0.0105, "hit_count": 100, "metadata": {"search_type": "vector", "top_k": 100, "fallback_used": false}}
{"timestamp": "2025-05-28T03:02:55.007736", "query": "Are we able to connect the network of a small business to it's server?", "latency": 0.0128, "hit_count": 100, "metadata": {"search_type": "vector", "top_k": 100, "fallback_used": false}}
{"timestamp": "2025-05-28T03:03:10.653898", "query": "Are we able to replace the screen on a laptop?", "latency": 0.0133, "hit_count": 100, "metadata": {"search_type": "vector", "top_k": 100, "fallback_used": false}}
{"timestamp": "2025-05-28T22:15:53.495881", "query": "How do I create a customer concern?", "latency": 41.1373, "hit_count": 100, "metadata": {"search_type": "vector", "top_k": 100, "fallback_used": false}}
{"timestamp": "2025-05-28T22:17:34.034969", "query": "How to make a cake\n", "latency": 0.0095, "hit_count": 100, "metadata": {"search_type": "vector", "top_k": 100, "fallback_used": false}}
{"timestamp": "2025-05-29T01:02:45.999555", "query": "How do I respond to a text message", "latency": 0.0124, "hit_count": 100, "metadata": {"search_type": "vector", "top_k": 100, "fallback_used": false}}
{"timestamp": "2025-05-29T01:04:09.113766", "query": "What is our tampa phone number", "latency": 0.0105, "hit_count": 100, "metadata": {"search_type": "vector", "top_k": 100, "fallback_used": false}}
{"timestamp": "2025-05-29T01:06:01.582671", "query": "What is our tampa phone number", "latency": 0.0107, "hit_count": 100, "metadata": {"search_type": "vector", "top_k": 100, "fallback_used": false}}
{"timestamp": "2025-05-29T03:36:19.886759", "query": "How do I respond to a text message'", "latency": 0.0171, "hit_count": 100, "metadata": {"search_type": "vector", "top_k": 100, "fallback_used": false}}
{"timestamp": "2025-05-29T03:37:25.331792", "query": "How do I respond to a text message'", "latency": 0.0135, "hit_count": 100, "metadata": {"search_type": "vector", "top_k": 100, "fallback_used": false}}
{"timestamp": "2025-05-29T03:37:37.152262", "query": "How do I respond to a text message'", "latency": 0.0189, "hit_count": 100, "metadata": {"search_type": "vector", "top_k": 100, "fallback_used": false}}
